<?xml version="1.0" encoding="UTF-8"?>
<testng-results skipped="0" failed="1" ignored="0" total="1" passed="0">
  <reporter-output>
  </reporter-output>
  <suite name="Default suite" duration-ms="1532" started-at="2019-12-27T21:02:39 EST" finished-at="2019-12-27T21:02:41 EST">
    <groups>
    </groups>
    <test name="Default test" duration-ms="1532" started-at="2019-12-27T21:02:39 EST" finished-at="2019-12-27T21:02:41 EST">
      <class name="yamlvalidations.yamlvalidation">
        <test-method status="FAIL" signature="yamlvalidationtest()[pri:0, instance:yamlvalidations.yamlvalidation@30b8a058]" name="yamlvalidationtest" duration-ms="1173" started-at="2019-12-27T21:02:39 EST" finished-at="2019-12-27T21:02:40 EST">
          <exception class="com.fasterxml.jackson.core.JsonParseException">
            <message>
              <![CDATA[Unexpected character ('d' (code 100)): expected a valid value (number, String, array, object, 'true', 'false' or 'null')
 at [Source: C:\Users\JO\eclipse-advanceworkspace\Jira-RestApis\src\main\resources\empolyee.yaml; line: 1, column: 3]]]>
            </message>
            <full-stacktrace>
              <![CDATA[com.fasterxml.jackson.core.JsonParseException: Unexpected character ('d' (code 100)): expected a valid value (number, String, array, object, 'true', 'false' or 'null')
 at [Source: C:\Users\JO\eclipse-advanceworkspace\Jira-RestApis\src\main\resources\empolyee.yaml; line: 1, column: 3]
at com.fasterxml.jackson.core.JsonParser._constructError(JsonParser.java:1369)
at com.fasterxml.jackson.core.base.ParserMinimalBase._reportError(ParserMinimalBase.java:532)
at com.fasterxml.jackson.core.base.ParserMinimalBase._reportUnexpectedChar(ParserMinimalBase.java:453)
at com.fasterxml.jackson.core.json.UTF8StreamJsonParser._handleUnexpectedValue(UTF8StreamJsonParser.java:2278)
at com.fasterxml.jackson.core.json.UTF8StreamJsonParser._nextTokenNotInObject(UTF8StreamJsonParser.java:779)
at com.fasterxml.jackson.core.json.UTF8StreamJsonParser.nextToken(UTF8StreamJsonParser.java:665)
at com.fasterxml.jackson.databind.ObjectMapper._initForReading(ObjectMapper.java:2926)
at com.fasterxml.jackson.databind.ObjectMapper._readMapAndClose(ObjectMapper.java:2873)
at com.fasterxml.jackson.databind.ObjectMapper.readValue(ObjectMapper.java:1988)
at yamlvalidations.yamlvalidation.yamlvalidationtest(yamlvalidation.java:36)
at sun.reflect.NativeMethodAccessorImpl.invoke0(Native Method)
at sun.reflect.NativeMethodAccessorImpl.invoke(NativeMethodAccessorImpl.java:62)
at sun.reflect.DelegatingMethodAccessorImpl.invoke(DelegatingMethodAccessorImpl.java:43)
at java.lang.reflect.Method.invoke(Method.java:498)
at org.testng.internal.MethodInvocationHelper.invokeMethod(MethodInvocationHelper.java:133)
at org.testng.internal.TestInvoker.invokeMethod(TestInvoker.java:584)
at org.testng.internal.TestInvoker.invokeTestMethod(TestInvoker.java:172)
at org.testng.internal.MethodRunner.runInSequence(MethodRunner.java:46)
at org.testng.internal.TestInvoker$MethodInvocationAgent.invoke(TestInvoker.java:804)
at org.testng.internal.TestInvoker.invokeTestMethods(TestInvoker.java:145)
at org.testng.internal.TestMethodWorker.invokeTestMethods(TestMethodWorker.java:146)
at org.testng.internal.TestMethodWorker.run(TestMethodWorker.java:128)
at java.util.ArrayList.forEach(ArrayList.java:1257)
at org.testng.TestRunner.privateRun(TestRunner.java:770)
at org.testng.TestRunner.run(TestRunner.java:591)
at org.testng.SuiteRunner.runTest(SuiteRunner.java:402)
at org.testng.SuiteRunner.runSequentially(SuiteRunner.java:396)
at org.testng.SuiteRunner.privateRun(SuiteRunner.java:355)
at org.testng.SuiteRunner.run(SuiteRunner.java:304)
at org.testng.SuiteRunnerWorker.runSuite(SuiteRunnerWorker.java:53)
at org.testng.SuiteRunnerWorker.run(SuiteRunnerWorker.java:96)
at org.testng.TestNG.runSuitesSequentially(TestNG.java:1180)
at org.testng.TestNG.runSuitesLocally(TestNG.java:1102)
at org.testng.TestNG.runSuites(TestNG.java:1032)
at org.testng.TestNG.run(TestNG.java:1000)
at org.testng.remote.AbstractRemoteTestNG.run(AbstractRemoteTestNG.java:115)
at org.testng.remote.RemoteTestNG.initAndRun(RemoteTestNG.java:251)
at org.testng.remote.RemoteTestNG.main(RemoteTestNG.java:77)
]]>
            </full-stacktrace>
          </exception> <!-- com.fasterxml.jackson.core.JsonParseException -->
          <reporter-output>
          </reporter-output>
        </test-method> <!-- yamlvalidationtest -->
      </class> <!-- yamlvalidations.yamlvalidation -->
    </test> <!-- Default test -->
  </suite> <!-- Default suite -->
</testng-results>
