<?xml version="1.0" encoding="UTF-8"?>
<!-- Generated by org.testng.reporters.JUnitXMLReporter -->
<testsuite hostname="DESKTOP-T54L12J" ignored="0" name="PositiveTest" tests="8" failures="0" timestamp="2019-12-17T21:09:01 EST" time="11.435" errors="0">
  <testcase name="getPathUrl" time="0.038" classname="com.atlassian.developer.base.CreateSessionId"/>
  <testcase name="getPathUrl" time="0.005" classname="com.atlassian.developer.base.CreateSessionId"/>
  <testcase name="returnSessionId" time="8.646" classname="com.atlassian.developer.JiraIssues.CreateSessionTest"/>
  <testcase name="getPathUrl" time="0.016" classname="com.atlassian.developer.base.CreateSessionId"/>
  <testcase name="createissue" time="0.96" classname="com.atlassian.developer.JiraIssues.IssueApiTest"/>
  <testcase name="getPathUrl" time="0.005" classname="com.atlassian.developer.base.CreateSessionId"/>
  <testcase name="getIssuebyIdorKey" time="1.291" classname="com.atlassian.developer.JiraIssues.GetIssueApiTest"/>
  <testcase name="getIssuebyIdorKey" time="0.226" classname="com.atlassian.developer.JiraIssues.GetIssueApiTest"/>
</testsuite> <!-- PositiveTest -->
